<?xml version="1.0" encoding="UTF-8"?>
<!-- Generated by org.testng.reporters.JUnitXMLReporter -->
<testsuite ignored="39" hostname="Harshitha-PC" failures="1" tests="1" name="Default test" time="44.604" errors="0" timestamp="2023-09-15T01:14:13 GMT-04:00">
  <testcase classname="com.OrangeHRM.MyInfo_Immigration.TestCases" name="edit_File_Attachments_Validation" time="42.643">
    <failure type="org.openqa.selenium.TimeoutException" message="Expected condition failed: waiting for visibility of all [] (tried for 30 second(s) with 500 milliseconds interval)
Build info: version: &amp;apos;4.10.0&amp;apos;, revision: &amp;apos;c14d967899&amp;apos;
System info: os.name: &amp;apos;Windows 11&amp;apos;, os.arch: &amp;apos;amd64&amp;apos;, os.version: &amp;apos;10.0&amp;apos;, java.version: &amp;apos;17.0.7&amp;apos;
Driver info: org.openqa.selenium.chrome.ChromeDriver
Capabilities {acceptInsecureCerts: false, browserName: chrome, browserVersion: 116.0.5845.189, chrome: {chromedriverVersion: 116.0.5845.96 (1a3918166880..., userDataDir: C:\Users\harsh\AppData\Loca...}, fedcm:accounts: true, goog:chromeOptions: {debuggerAddress: localhost:51713}, networkConnectionEnabled: false, pageLoadStrategy: normal, platformName: windows, proxy: Proxy(), se:cdp: ws://localhost:51713/devtoo..., se:cdpVersion: 116.0.5845.189, setWindowRect: true, strictFileInteractability: false, timeouts: {implicit: 0, pageLoad: 300000, script: 30000}, unhandledPromptBehavior: dismiss and notify, webauthn:extension:credBlob: true, webauthn:extension:largeBlob: true, webauthn:extension:minPinLength: true, webauthn:extension:prf: true, webauthn:virtualAuthenticators: true}
Session ID: 0e502a473fb83d799c84a5097dc843c0">
      <![CDATA[org.openqa.selenium.TimeoutException: Expected condition failed: waiting for visibility of all [] (tried for 30 second(s) with 500 milliseconds interval)
Build info: version: '4.10.0', revision: 'c14d967899'
System info: os.name: 'Windows 11', os.arch: 'amd64', os.version: '10.0', java.version: '17.0.7'
Driver info: org.openqa.selenium.chrome.ChromeDriver
Capabilities {acceptInsecureCerts: false, browserName: chrome, browserVersion: 116.0.5845.189, chrome: {chromedriverVersion: 116.0.5845.96 (1a3918166880..., userDataDir: C:\Users\harsh\AppData\Loca...}, fedcm:accounts: true, goog:chromeOptions: {debuggerAddress: localhost:51713}, networkConnectionEnabled: false, pageLoadStrategy: normal, platformName: windows, proxy: Proxy(), se:cdp: ws://localhost:51713/devtoo..., se:cdpVersion: 116.0.5845.189, setWindowRect: true, strictFileInteractability: false, timeouts: {implicit: 0, pageLoad: 300000, script: 30000}, unhandledPromptBehavior: dismiss and notify, webauthn:extension:credBlob: true, webauthn:extension:largeBlob: true, webauthn:extension:minPinLength: true, webauthn:extension:prf: true, webauthn:virtualAuthenticators: true}
Session ID: 0e502a473fb83d799c84a5097dc843c0
at org.openqa.selenium.support.ui.WebDriverWait.timeoutException(WebDriverWait.java:84)
at org.openqa.selenium.support.ui.FluentWait.until(FluentWait.java:230)
at PageObjects_OrangeHRM.AttachmentsPage.editedAttachRecordValidation_TC34(AttachmentsPage.java:220)
at com.OrangeHRM.MyInfo_Immigration.TestCases.edit_File_Attachments_Validation(TestCases.java:579)
at java.base/jdk.internal.reflect.NativeMethodAccessorImpl.invoke0(Native Method)
at java.base/jdk.internal.reflect.NativeMethodAccessorImpl.invoke(NativeMethodAccessorImpl.java:77)
at java.base/jdk.internal.reflect.DelegatingMethodAccessorImpl.invoke(DelegatingMethodAccessorImpl.java:43)
at java.base/java.lang.reflect.Method.invoke(Method.java:568)
at org.testng.internal.invokers.MethodInvocationHelper.invokeMethod(MethodInvocationHelper.java:139)
at org.testng.internal.invokers.TestInvoker.invokeMethod(TestInvoker.java:664)
at org.testng.internal.invokers.TestInvoker.invokeTestMethod(TestInvoker.java:227)
at org.testng.internal.invokers.MethodRunner.runInSequence(MethodRunner.java:50)
at org.testng.internal.invokers.TestInvoker$MethodInvocationAgent.invoke(TestInvoker.java:957)
at org.testng.internal.invokers.TestInvoker.invokeTestMethods(TestInvoker.java:200)
at org.testng.internal.invokers.TestMethodWorker.invokeTestMethods(TestMethodWorker.java:148)
at org.testng.internal.invokers.TestMethodWorker.run(TestMethodWorker.java:128)
at java.base/java.util.ArrayList.forEach(ArrayList.java:1511)
at org.testng.TestRunner.privateRun(TestRunner.java:848)
at org.testng.TestRunner.run(TestRunner.java:621)
at org.testng.SuiteRunner.runTest(SuiteRunner.java:443)
at org.testng.SuiteRunner.runSequentially(SuiteRunner.java:437)
at org.testng.SuiteRunner.privateRun(SuiteRunner.java:397)
at org.testng.SuiteRunner.run(SuiteRunner.java:336)
at org.testng.SuiteRunnerWorker.runSuite(SuiteRunnerWorker.java:52)
at org.testng.SuiteRunnerWorker.run(SuiteRunnerWorker.java:95)
at org.testng.TestNG.runSuitesSequentially(TestNG.java:1280)
at org.testng.TestNG.runSuitesLocally(TestNG.java:1200)
at org.testng.TestNG.runSuites(TestNG.java:1114)
at org.testng.TestNG.run(TestNG.java:1082)
at org.testng.remote.AbstractRemoteTestNG.run(AbstractRemoteTestNG.java:115)
at org.testng.remote.RemoteTestNG.initAndRun(RemoteTestNG.java:251)
at org.testng.remote.RemoteTestNG.main(RemoteTestNG.java:77)
]]>
    </failure>
  </testcase> <!-- edit_File_Attachments_Validation -->
  <testcase classname="com.OrangeHRM.MyInfo_Immigration.TestCases" name="deleteImmi_PopUp_Validation" time="0.0">
    <ignored/>
  </testcase> <!-- deleteImmi_PopUp_Validation -->
  <testcase classname="com.OrangeHRM.MyInfo_Immigration.TestCases" name="addAttachPage_browseBtn_DisplayFileName_Validation" time="0.0">
    <ignored/>
  </testcase> <!-- addAttachPage_browseBtn_DisplayFileName_Validation -->
  <testcase classname="com.OrangeHRM.MyInfo_Immigration.TestCases" name="loginValidation" time="0.0">
    <ignored/>
  </testcase> <!-- loginValidation -->
  <testcase classname="com.OrangeHRM.MyInfo_Immigration.TestCases" name="immigrationDetails_SaveBtn_Validation" time="0.0">
    <ignored/>
  </testcase> <!-- immigrationDetails_SaveBtn_Validation -->
  <testcase classname="com.OrangeHRM.MyInfo_Immigration.TestCases" name="clickOnCheckBoxes_Attachments_Table_Validation" time="0.0">
    <ignored/>
  </testcase> <!-- clickOnCheckBoxes_Attachments_Table_Validation -->
  <testcase classname="com.OrangeHRM.MyInfo_Immigration.TestCases" name="popUp_CancelDeleteBtn_Validation" time="0.0">
    <ignored/>
  </testcase> <!-- popUp_CancelDeleteBtn_Validation -->
  <testcase classname="com.OrangeHRM.MyInfo_Immigration.TestCases" name="editImmiPage_ClickOnSave_WithEdit_Validation" time="0.0">
    <ignored/>
  </testcase> <!-- editImmiPage_ClickOnSave_WithEdit_Validation -->
  <testcase classname="com.OrangeHRM.MyInfo_Immigration.TestCases" name="addAttachPage_CommentTextArea_Validation" time="0.0">
    <ignored/>
  </testcase> <!-- addAttachPage_CommentTextArea_Validation -->
  <testcase classname="com.OrangeHRM.MyInfo_Immigration.TestCases" name="addBtn_Attachments_Validation" time="0.0">
    <ignored/>
  </testcase> <!-- addBtn_Attachments_Validation -->
  <testcase classname="com.OrangeHRM.MyInfo_Immigration.TestCases" name="AddimmiPage_CancelBtn_WithData_Validation" time="0.0">
    <ignored/>
  </testcase> <!-- AddimmiPage_CancelBtn_WithData_Validation -->
  <testcase classname="com.OrangeHRM.MyInfo_Immigration.TestCases" name="editImmiPage_CancelSaveBtn_Validation" time="0.0">
    <ignored/>
  </testcase> <!-- editImmiPage_CancelSaveBtn_Validation -->
  <testcase classname="com.OrangeHRM.MyInfo_Immigration.TestCases" name="editImmigration_Page_Validation" time="0.0">
    <ignored/>
  </testcase> <!-- editImmigration_Page_Validation -->
  <testcase classname="com.OrangeHRM.MyInfo_Immigration.TestCases" name="addAttach_BrowseBtn_FileSize_Validation" time="0.0">
    <ignored/>
  </testcase> <!-- addAttach_BrowseBtn_FileSize_Validation -->
  <testcase classname="com.OrangeHRM.MyInfo_Immigration.TestCases" name="addAttachPage_SaveBtn_WithoutFile_Validation" time="0.0">
    <ignored/>
  </testcase> <!-- addAttachPage_SaveBtn_WithoutFile_Validation -->
  <testcase classname="com.OrangeHRM.MyInfo_Immigration.TestCases" name="Immigration_Validation" time="0.0">
    <ignored/>
  </testcase> <!-- Immigration_Validation -->
  <testcase classname="com.OrangeHRM.MyInfo_Immigration.TestCases" name="ConfirmationpopUp_Delete_Validation" time="0.0">
    <ignored/>
  </testcase> <!-- ConfirmationpopUp_Delete_Validation -->
  <testcase classname="com.OrangeHRM.MyInfo_Immigration.TestCases" name="addAttachPage_CancelBtn_WithoutFile_Validation" time="0.0">
    <ignored/>
  </testcase> <!-- addAttachPage_CancelBtn_WithoutFile_Validation -->
  <testcase classname="com.OrangeHRM.MyInfo_Immigration.TestCases" name="addImmi_ExpiryDate_Validation" time="0.0">
    <ignored/>
  </testcase> <!-- addImmi_ExpiryDate_Validation -->
  <testcase classname="com.OrangeHRM.MyInfo_Immigration.TestCases" name="addAttachPage_SaveBtn_Validation" time="0.0">
    <ignored/>
  </testcase> <!-- addAttachPage_SaveBtn_Validation -->
  <testcase classname="com.OrangeHRM.MyInfo_Immigration.TestCases" name="immigration_SaveCancel_Validation" time="0.0">
    <ignored/>
  </testcase> <!-- immigration_SaveCancel_Validation -->
  <testcase classname="com.OrangeHRM.MyInfo_Immigration.TestCases" name="addAttachPage_BrowseBtn_Validation" time="0.0">
    <ignored/>
  </testcase> <!-- addAttachPage_BrowseBtn_Validation -->
  <testcase classname="com.OrangeHRM.MyInfo_Immigration.TestCases" name="deleteSymbol_Attachments_Validation" time="0.0">
    <ignored/>
  </testcase> <!-- deleteSymbol_Attachments_Validation -->
  <testcase classname="com.OrangeHRM.MyInfo_Immigration.TestCases" name="addAttachPage_CancelBtn_Validation" time="0.0">
    <ignored/>
  </testcase> <!-- addAttachPage_CancelBtn_Validation -->
  <testcase classname="com.OrangeHRM.MyInfo_Immigration.TestCases" name="confirmationPopUp_Cancel_Validation" time="0.0">
    <ignored/>
  </testcase> <!-- confirmationPopUp_Cancel_Validation -->
  <testcase classname="com.OrangeHRM.MyInfo_Immigration.TestCases" name="confirmationPopUp_ClickOnDel_Attachments_Validation" time="0.0">
    <ignored/>
  </testcase> <!-- confirmationPopUp_ClickOnDel_Attachments_Validation -->
  <testcase classname="com.OrangeHRM.MyInfo_Immigration.TestCases" name="attachments_Table_Validation" time="0.0">
    <ignored/>
  </testcase> <!-- attachments_Table_Validation -->
  <testcase classname="com.OrangeHRM.MyInfo_Immigration.TestCases" name="addAttachments_SaveCancelBtns_Validation" time="0.0">
    <ignored/>
  </testcase> <!-- addAttachments_SaveCancelBtns_Validation -->
  <testcase classname="com.OrangeHRM.MyInfo_Immigration.TestCases" name="cancelDeleteOfConfirmationPopUp_Validation" time="0.0">
    <ignored/>
  </testcase> <!-- cancelDeleteOfConfirmationPopUp_Validation -->
  <testcase classname="com.OrangeHRM.MyInfo_Immigration.TestCases" name="immigration_AddBtn_Validation" time="0.0">
    <ignored/>
  </testcase> <!-- immigration_AddBtn_Validation -->
  <testcase classname="com.OrangeHRM.MyInfo_Immigration.TestCases" name="editImmiPage_ClickOnCancel_WithEdit_Validation" time="0.0">
    <ignored/>
  </testcase> <!-- editImmiPage_ClickOnCancel_WithEdit_Validation -->
  <testcase classname="com.OrangeHRM.MyInfo_Immigration.TestCases" name="addImmigration_Page_PassVisa_Validation" time="0.0">
    <ignored/>
  </testcase> <!-- addImmigration_Page_PassVisa_Validation -->
  <testcase classname="com.OrangeHRM.MyInfo_Immigration.TestCases" name="AddimmiPage_CancelBtn_WithNoData_Validation" time="0.0">
    <ignored/>
  </testcase> <!-- AddimmiPage_CancelBtn_WithNoData_Validation -->
  <testcase classname="com.OrangeHRM.MyInfo_Immigration.TestCases" name="editImmiPage_ClickOnSave_WithNoEdit_Validation" time="0.0">
    <ignored/>
  </testcase> <!-- editImmiPage_ClickOnSave_WithNoEdit_Validation -->
  <testcase classname="com.OrangeHRM.MyInfo_Immigration.TestCases" name="clickOnDownload_Attachments_Validation" time="0.0">
    <ignored/>
  </testcase> <!-- clickOnDownload_Attachments_Validation -->
  <testcase classname="com.OrangeHRM.MyInfo_Immigration.TestCases" name="edit_Symbol_Validation" time="0.0">
    <ignored/>
  </testcase> <!-- edit_Symbol_Validation -->
  <testcase classname="com.OrangeHRM.MyInfo_Immigration.TestCases" name="delete_Attachments_Validation" time="0.0">
    <ignored/>
  </testcase> <!-- delete_Attachments_Validation -->
  <testcase classname="com.OrangeHRM.MyInfo_Immigration.TestCases" name="editImmiPage_ClickOnCancel_WithNoEdit_Validation" time="0.0">
    <ignored/>
  </testcase> <!-- editImmiPage_ClickOnCancel_WithNoEdit_Validation -->
  <testcase classname="com.OrangeHRM.MyInfo_Immigration.TestCases" name="myInfo_Validation" time="0.0">
    <ignored/>
  </testcase> <!-- myInfo_Validation -->
  <testcase classname="com.OrangeHRM.MyInfo_Immigration.TestCases" name="AddImmiPage_ClickOnSave_WithNoData_Validation" time="0.0">
    <ignored/>
  </testcase> <!-- AddImmiPage_ClickOnSave_WithNoData_Validation -->
</testsuite> <!-- Default test -->
